<?xml version="1.0" encoding="UTF-8"?>
<!-- Generated by org.testng.reporters.JUnitReportReporter -->
<testsuite skipped="0" hostname="LAPTOP-AH1DJKDL" name="org.TestNGOne" tests="2" failures="0" timestamp="07 Apr 2021 07:11:31 GMT" time="0.009" errors="0">
  <testcase name="tc4" time="0.007" classname="org.TestNGOne"/>
  <testcase name="tc5" time="0.002" classname="org.TestNGOne"/>
</testsuite> <!-- org.TestNGOne -->
